<?xml version="1.0" encoding="UTF-8"?>
<testng-results total="1" passed="1" failed="0" skipped="0">
  <reporter-output>
  </reporter-output>
  <suite started-at="2023-09-29T03:21:15Z" name="test.com.CostcoOpticalTest" finished-at="2023-09-29T03:21:51Z" duration-ms="36247">
    <groups>
    </groups>
    <test started-at="2023-09-29T03:21:15Z" name="Command line test" finished-at="2023-09-29T03:21:51Z" duration-ms="36247">
      <class name="test.com.CostcoOpticalTest">
        <test-method is-config="true" signature="setUpClass()[pri:0, instance:test.com.CostcoOpticalTest@5bfbf16f]" started-at="2023-09-28T22:21:15Z" name="setUpClass" finished-at="2023-09-28T22:21:15Z" duration-ms="19" status="PASS">
          <reporter-output>
          </reporter-output>
        </test-method> <!-- setUpClass -->
        <test-method is-config="true" signature="setUpMethod()[pri:0, instance:test.com.CostcoOpticalTest@5bfbf16f]" started-at="2023-09-28T22:21:15Z" name="setUpMethod" finished-at="2023-09-28T22:21:20Z" duration-ms="4841" status="PASS">
          <reporter-output>
          </reporter-output>
        </test-method> <!-- setUpMethod -->
        <test-method signature="testUntitledTestCase()[pri:0, instance:test.com.CostcoOpticalTest@5bfbf16f]" started-at="2023-09-28T22:21:20Z" name="testUntitledTestCase" finished-at="2023-09-28T22:21:45Z" duration-ms="25633" status="PASS">
          <reporter-output>
          </reporter-output>
        </test-method> <!-- testUntitledTestCase -->
        <test-method is-config="true" signature="tearDownMethod()[pri:0, instance:test.com.CostcoOpticalTest@5bfbf16f]" started-at="2023-09-28T22:21:45Z" name="tearDownMethod" finished-at="2023-09-28T22:21:51Z" duration-ms="5737" status="PASS">
          <reporter-output>
          </reporter-output>
        </test-method> <!-- tearDownMethod -->
        <test-method is-config="true" signature="tearDownClass()[pri:0, instance:test.com.CostcoOpticalTest@5bfbf16f]" started-at="2023-09-28T22:21:51Z" name="tearDownClass" finished-at="2023-09-28T22:21:51Z" duration-ms="1" status="PASS">
          <reporter-output>
          </reporter-output>
        </test-method> <!-- tearDownClass -->
      </class> <!-- test.com.CostcoOpticalTest -->
    </test> <!-- Command line test -->
  </suite> <!-- test.com.CostcoOpticalTest -->
</testng-results>
